<?xml version="1.0" encoding="UTF-8"?>
<!-- Generated by org.testng.reporters.JUnitReportReporter -->
<testsuite hostname="DAL10NTN" name="smoketest.TrintechSiteTest" tests="2" failures="0" timestamp="9 Mar 2017 22:04:15 GMT" time="104.688" errors="0">
  <testcase name="trintechMainTest" time="85.855" classname="smoketest.TrintechSiteTest"/>
  <testcase name="reconciliationText" time="18.833" classname="smoketest.TrintechSiteTest"/>
</testsuite> <!-- smoketest.TrintechSiteTest -->
